<?xml version="1.0" encoding="UTF-8"?>
<!-- Generated by org.testng.reporters.JUnitReportReporter -->
<testsuite hostname="santosh" failures="0" tests="1" name="example1.SeleniumTestNG1" time="3.518" errors="0" timestamp="2023-03-27T16:27:54 IST" skipped="0">
  <testcase classname="example1.SeleniumTestNG1" name="firsttest" time="3.518"/>
  <system-out/>
</testsuite> <!-- example1.SeleniumTestNG1 -->
