<?xml version="1.0" encoding="UTF-8"?>
<!-- Generated by org.testng.reporters.JUnitReportReporter -->
<testsuite hostname="santosh" failures="0" tests="2" name="example1.LaunchClass" time="5.418" errors="0" timestamp="2023-03-21T17:33:13 IST" skipped="0">
  <testcase classname="example1.LaunchClass" name="alertdemo" time="3.778"/>
  <system-out/>
  <testcase classname="example1.LaunchClass" name="methodtwo" time="1.640"/>
  <system-out/>
</testsuite> <!-- example1.LaunchClass -->
