<?xml version="1.0" encoding="UTF-8"?>
<!-- Generated by org.testng.reporters.JUnitReportReporter -->
<testsuite hostname="santosh" failures="0" tests="3" name="example1.NormalClass" time="0.019" errors="0" timestamp="2023-03-21T17:43:47 IST" skipped="0">
  <testcase classname="example1.NormalClass" name="Four" time="0.016"/>
  <system-out/>
  <testcase classname="example1.NormalClass" name="abc" time="0.002"/>
  <system-out/>
  <testcase classname="example1.NormalClass" name="four" time="0.001"/>
  <system-out/>
</testsuite> <!-- example1.NormalClass -->
