<?xml version="1.0" encoding="UTF-8"?>
<!-- Generated by org.testng.reporters.JUnitReportReporter -->
<testsuite hostname="santosh" failures="0" tests="2" name="example1.TestNgAnnotations" time="0.012" errors="0" timestamp="2023-03-21T17:40:26 IST" skipped="0">
  <testcase classname="example1.TestNgAnnotations" name="secondtest" time="0.003"/>
  <system-out/>
  <testcase classname="example1.TestNgAnnotations" name="firsttest" time="0.009"/>
  <system-out/>
</testsuite> <!-- example1.TestNgAnnotations -->
