<?xml version="1.0" encoding="UTF-8"?>
<!-- Generated by org.testng.reporters.JUnitReportReporter -->
<testsuite hostname="santosh" failures="0" tests="1" name="example1.DemoTestNG" time="0.019" errors="0" timestamp="2023-03-21T17:24:30 IST" skipped="0">
  <testcase classname="example1.DemoTestNG" name="firstest" time="0.019"/>
  <system-out/>
</testsuite> <!-- example1.DemoTestNG -->
