<?xml version="1.0" encoding="UTF-8"?>
<!-- Generated by org.testng.reporters.JUnitReportReporter -->
<testsuite hostname="santosh" failures="0" tests="2" name="example1.LaunchBrowser" time="5.617" errors="0" timestamp="2023-04-13T15:03:39 IST" skipped="0">
  <testcase classname="example1.LaunchBrowser" name="methodtwo" time="3.632"/>
  <system-out/>
  <testcase classname="example1.LaunchBrowser" name="alertdemo" time="1.985"/>
  <system-out/>
</testsuite> <!-- example1.LaunchBrowser -->
