<?xml version="1.0" encoding="UTF-8"?>
<!-- Generated by org.testng.reporters.JUnitReportReporter -->
<testsuite hostname="santosh" failures="0" tests="2" name="example1.TestngSample" time="0.016" errors="0" timestamp="2023-03-21T17:22:39 IST" skipped="0">
  <testcase classname="example1.TestngSample" name="three" time="0.003"/>
  <system-out/>
  <testcase classname="example1.TestngSample" name="four" time="0.013"/>
  <system-out/>
</testsuite> <!-- example1.TestngSample -->
