<?xml version="1.0" encoding="UTF-8"?>
<!-- Generated by org.testng.reporters.JUnitReportReporter -->
<testsuite hostname="santosh" failures="0" tests="1" name="example1.TestNGEx" time="0.001" errors="0" timestamp="2023-07-17T20:47:48 IST" skipped="0">
  <testcase classname="example1.TestNGEx" name="methodone" time="0.001"/>
  <system-out/>
</testsuite> <!-- example1.TestNGEx -->
