<?xml version="1.0" encoding="UTF-8"?>
<!-- Generated by org.testng.reporters.JUnitReportReporter -->
<testsuite hostname="santosh" failures="0" tests="2" name="example1.TestNgAnnotations" time="0.004" errors="0" timestamp="2023-07-17T20:47:48 IST" skipped="0">
  <testcase classname="example1.TestNgAnnotations" name="firsttest" time="0.002"/>
  <system-out/>
  <testcase classname="example1.TestNgAnnotations" name="secondtest" time="0.002"/>
  <system-out/>
</testsuite> <!-- example1.TestNgAnnotations -->
