<?xml version="1.0" encoding="UTF-8"?>
<!-- Generated by org.testng.reporters.JUnitReportReporter -->
<testsuite hostname="santosh" failures="0" tests="2" name="example1.TestngSample" time="0.001" errors="0" timestamp="2023-07-17T20:47:48 IST" skipped="0">
  <testcase classname="example1.TestngSample" name="three" time="0.001"/>
  <system-out/>
  <testcase classname="example1.TestngSample" name="four" time="0.000"/>
  <system-out/>
</testsuite> <!-- example1.TestngSample -->
